INFO:werkzeug:[31m[1mWARNING: This is a development server. Do not use it in a production deployment. Use a production WSGI server instead.[0m
 * Running on http://127.0.0.1:5000
INFO:werkzeug:[33mPress CTRL+C to quit[0m
ERROR:be.serve:Exception on /auth/register [POST]
Traceback (most recent call last):
  File "D:\Codefield\CODE_Py\bookstore\venv\Lib\site-packages\flask\app.py", line 1511, in wsgi_app
    response = self.full_dispatch_request()
  File "D:\Codefield\CODE_Py\bookstore\venv\Lib\site-packages\flask\app.py", line 919, in full_dispatch_request
    rv = self.handle_user_exception(e)
  File "D:\Codefield\CODE_Py\bookstore\venv\Lib\site-packages\flask\app.py", line 917, in full_dispatch_request
    rv = self.dispatch_request()
  File "D:\Codefield\CODE_Py\bookstore\venv\Lib\site-packages\flask\app.py", line 902, in dispatch_request
    return self.ensure_sync(self.view_functions[rule.endpoint])(**view_args)  # type: ignore[no-any-return]
           ~~~~~~~~~~~~~~~~~~~~~~~~~~~~~~~~~~~~~~~~~~~~~~~~~~~~^^^^^^^^^^^^^
  File "D:\Codefield\CODE_Py\bookstore\be\view\auth.py", line 35, in register
    code, message = u.register(user_id=user_id, password=password)
                    ~~~~~~~~~~^^^^^^^^^^^^^^^^^^^^^^^^^^^^^^^^^^^^
  File "D:\Codefield\CODE_Py\bookstore\be\model\user.py", line 59, in register
    token = jwt_encode(user_id, terminal)
  File "D:\Codefield\CODE_Py\bookstore\be\model\user.py", line 22, in jwt_encode
    return encoded.decode("utf-8")
           ^^^^^^^^^^^^^^
AttributeError: 'str' object has no attribute 'decode'. Did you mean: 'encode'?
INFO:werkzeug:127.0.0.1 - - [06/Nov/2025 08:23:22] "[35m[1mPOST /auth/register HTTP/1.1[0m" 500 -
